Wrote verification checklist: 4_Model_Results/Outputs/logs/verification_checklist.txt
[living18] levels after cleaning: Off-campus (rent/apartment), On-campus (residence hall), With family (commuting)

=== Exporting bootstrap_results.csv (for dissertation tables) ===
Wrote: 4_Model_Results/Outputs/bootstrap_results.csv
[SKIP_RQ4] SKIP_RQ4=TRUE: completed A0/A/A1 only; skipping RUN B/C2/C.

=== Generating Standards Compliance Visualizations ===
Wrote standards data: 4_Model_Results/Figures/standards_data.json
Matplotlib is building the font cache; this may take a moment.
Loaded data from: 4_Model_Results/Figures/standards_data.json
Saved: 4_Model_Results/Figures/standards_compliance_dashboard.png
Saved: 4_Model_Results/Figures/standards_compliance_dashboard.pdf
Saved: 4_Model_Results/Figures/standards_sample_modelfit.png
Saved: 4_Model_Results/Figures/standards_bootstrap_effects.png

✅ Professional standards visualizations complete!
Standards visualizations saved to: 4_Model_Results/Figures

=== Building Bootstrap Tables ===
/Users/jjohnson3/Documents/GitHub/Dissertation-Model-Simulation_clean/3_Analysis/3_Tables_Code/build_bootstrap_tables.py:46: FutureWarning: Truth-testing of elements was a source of confusion and will always return True in future versions. Use specific 'len(elem)' or 'elem is not None' test instead.
  tblPr = tbl.tblPr or parse_xml(r'<w:tblPr %s/>' % nsdecls('w'))
Wrote: 4_Model_Results/Tables/Bootstrap_Tables.docx
Tables: 3 | B = 2,000 | CI = bca.simple
Bootstrap tables saved to: 4_Model_Results/Tables

=== Generating Descriptive Plots ===
✓ Using PSW weights from column 'psw'
✓ Figure 1: Demographics saved
✓ Figure 2: Emotional Distress saved
✓ Figure 3: Quality of Engagement saved
✓ Figure 4: Developmental Adjustment saved
✓ Figure 5: Equity Gaps saved
✓ Figure 6: Correlation Heatmap saved
✓ Figure 13: Love Plot saved

✓ All figures saved to 4_Model_Results/Figures/
Descriptive plots saved to: 4_Model_Results/Figures
✓ Using PSW weights from column 'psw'
✓ Figure 7: Cumulative Risk Analysis saved
✓ Figure 8: Credit Dose Moderation saved
✓ Figure 9: Mediation Pathways saved
✓ Figure 10: Intersectionality Analysis saved
✓ Figure 11: Outcome Profiles saved
✓ Figure 12: Cohort Patterns saved

✓ All deep-cut figures saved to 4_Model_Results/Figures/
Deep-cut plots saved to: 4_Model_Results/Figures

=== Exporting webapp fetch JSONs ===
/Users/jjohnson3/Documents/GitHub/Dissertation-Model-Simulation_clean/webapp/scripts/transform-results.py:242: FutureWarning: Series.__getitem__ treating keys as positions is deprecated. In a future version, integer keys will always be treated as labels (consistent with DataFrame behavior). To access a value by position, use `ser.iloc[pos]`
  "women": {"n": int(sex_counts.get(0, 0)), "pct": round(sex_counts.get(0, 0) / n * 100, 1)},
/Users/jjohnson3/Documents/GitHub/Dissertation-Model-Simulation_clean/webapp/scripts/transform-results.py:243: FutureWarning: Series.__getitem__ treating keys as positions is deprecated. In a future version, integer keys will always be treated as labels (consistent with DataFrame behavior). To access a value by position, use `ser.iloc[pos]`
  "men": {"n": int(sex_counts.get(1, 0)), "pct": round(sex_counts.get(1, 0) / n * 100, 1)},
============================================================
Transforming R outputs to JSON for React frontend...
============================================================

[1/5] Processing main model results...
  ✓ Wrote modelResults.json (11 main paths, 13 main fit measures; 1 total paths, 13 total fit measures)

[2/5] Computing dose-response effects...
  ✓ Wrote doseEffects.json (17 dose levels)

[3/5] Computing sample descriptives...
  ✓ Wrote sampleDescriptives.json (N=5,000)

[4/5] Building group comparisons from multi-group analyses...
  ✓ Wrote groupComparisons.json (1 grouping variables)

[5/5] Building variable metadata...
  ✓ Wrote variableMetadata.json (0 variables)

[6/6] Writing data metadata...
  ✓ Wrote dataMetadata.json (generated: 2026-01-19 00:37)

============================================================
Done! JSON files written to: /Users/jjohnson3/Documents/GitHub/Dissertation-Model-Simulation_clean/webapp/public/data
============================================================
Webapp model JSONs written to: webapp/public/data
Reading data from: /Users/jjohnson3/Documents/GitHub/Dissertation-Model-Simulation_clean/1_Dataset/rep_data.csv
Writing comparison data to: /Users/jjohnson3/Documents/GitHub/Dissertation-Model-Simulation_clean/webapp/public/data/fastComparison.json
✓ Generated FASt comparison data
  - FASt students: 1,321
  - Non-FASt students: 3,679
Webapp fastComparison.json written to: webapp/public/data
[1] TRUE
[1] TRUE
[1] TRUE
[1] TRUE
[1] TRUE
[1] TRUE
[1] TRUE
[1] TRUE
ALL RQs run complete. Outputs under: 4_Model_Results/Outputs
